<?xml version="1.0" encoding="UTF-8"?>
<testng-results ignored="0" total="4" passed="4" failed="0" skipped="0">
  <reporter-output>
  </reporter-output>
  <suite started-at="2023-06-04T23:00:38 ICT" name="PetSuite" finished-at="2023-06-04T23:00:48 ICT" duration-ms="10213">
    <groups>
    </groups>
    <test started-at="2023-06-04T23:00:38 ICT" name="PetTests" finished-at="2023-06-04T23:00:48 ICT" duration-ms="10213">
      <class name="api.test.UserTests2">
        <test-method is-config="true" signature="setup()[pri:0, instance:api.test.UserTests2@4c1909a3]" started-at="2023-06-04T23:00:38 ICT" name="setup" finished-at="2023-06-04T23:00:38 ICT" duration-ms="530" status="PASS">
          <reporter-output>
          </reporter-output>
        </test-method> <!-- setup -->
        <test-method signature="testPostUser()[pri:1, instance:api.test.UserTests2@4c1909a3]" started-at="2023-06-04T23:00:38 ICT" name="testPostUser" finished-at="2023-06-04T23:00:41 ICT" duration-ms="3203" status="PASS">
          <reporter-output>
          </reporter-output>
        </test-method> <!-- testPostUser -->
        <test-method signature="testGetUserByName()[pri:2, instance:api.test.UserTests2@4c1909a3]" started-at="2023-06-04T23:00:42 ICT" name="testGetUserByName" finished-at="2023-06-04T23:00:43 ICT" duration-ms="1554" status="PASS">
          <reporter-output>
          </reporter-output>
        </test-method> <!-- testGetUserByName -->
        <test-method signature="testUpdateUserByName()[pri:3, instance:api.test.UserTests2@4c1909a3]" started-at="2023-06-04T23:00:43 ICT" name="testUpdateUserByName" finished-at="2023-06-04T23:00:46 ICT" duration-ms="3069" status="PASS">
          <reporter-output>
          </reporter-output>
        </test-method> <!-- testUpdateUserByName -->
        <test-method signature="testDeleteUserByName()[pri:4, instance:api.test.UserTests2@4c1909a3]" started-at="2023-06-04T23:00:46 ICT" name="testDeleteUserByName" finished-at="2023-06-04T23:00:48 ICT" duration-ms="1636" status="PASS">
          <reporter-output>
          </reporter-output>
        </test-method> <!-- testDeleteUserByName -->
      </class> <!-- api.test.UserTests2 -->
    </test> <!-- PetTests -->
  </suite> <!-- PetSuite -->
</testng-results>
