<?xml version="1.0" encoding="UTF-8"?>
<testng-results ignored="0" total="4" passed="4" failed="0" skipped="0">
  <reporter-output>
  </reporter-output>
  <suite started-at="2023-06-05T11:36:19 ICT" name="PetSuite" finished-at="2023-06-05T11:36:27 ICT" duration-ms="8149">
    <groups>
    </groups>
    <test started-at="2023-06-05T11:36:19 ICT" name="PetTests" finished-at="2023-06-05T11:36:27 ICT" duration-ms="8149">
      <class name="api.test.UserTests2">
        <test-method is-config="true" signature="setup()[pri:0, instance:api.test.UserTests2@4c1909a3]" started-at="2023-06-05T11:36:19 ICT" name="setup" finished-at="2023-06-05T11:36:19 ICT" duration-ms="498" status="PASS">
          <reporter-output>
          </reporter-output>
        </test-method> <!-- setup -->
        <test-method signature="testPostUser()[pri:1, instance:api.test.UserTests2@4c1909a3]" started-at="2023-06-05T11:36:19 ICT" name="testPostUser" finished-at="2023-06-05T11:36:22 ICT" duration-ms="2523" status="PASS">
          <reporter-output>
          </reporter-output>
        </test-method> <!-- testPostUser -->
        <test-method signature="testGetUserByName()[pri:2, instance:api.test.UserTests2@4c1909a3]" started-at="2023-06-05T11:36:22 ICT" name="testGetUserByName" finished-at="2023-06-05T11:36:23 ICT" duration-ms="1227" status="PASS">
          <reporter-output>
          </reporter-output>
        </test-method> <!-- testGetUserByName -->
        <test-method signature="testUpdateUserByName()[pri:3, instance:api.test.UserTests2@4c1909a3]" started-at="2023-06-05T11:36:23 ICT" name="testUpdateUserByName" finished-at="2023-06-05T11:36:25 ICT" duration-ms="2446" status="PASS">
          <reporter-output>
          </reporter-output>
        </test-method> <!-- testUpdateUserByName -->
        <test-method signature="testDeleteUserByName()[pri:4, instance:api.test.UserTests2@4c1909a3]" started-at="2023-06-05T11:36:25 ICT" name="testDeleteUserByName" finished-at="2023-06-05T11:36:27 ICT" duration-ms="1279" status="PASS">
          <reporter-output>
          </reporter-output>
        </test-method> <!-- testDeleteUserByName -->
      </class> <!-- api.test.UserTests2 -->
    </test> <!-- PetTests -->
  </suite> <!-- PetSuite -->
</testng-results>
