<?xml version="1.0" encoding="UTF-8"?>
<!-- Generated by org.testng.reporters.JUnitXMLReporter -->
<testsuite ignored="0" hostname="GK2206L17" failures="0" tests="4" name="PetTests" time="8.149" errors="0" timestamp="2023-06-05T11:36:27 ICT">
  <testcase classname="api.test.UserTests2" name="testPostUser" time="2.523"/>
  <testcase classname="api.test.UserTests2" name="testGetUserByName" time="1.227"/>
  <testcase classname="api.test.UserTests2" name="testUpdateUserByName" time="2.446"/>
  <testcase classname="api.test.UserTests2" name="testDeleteUserByName" time="1.279"/>
</testsuite> <!-- PetTests -->
