<?xml version="1.0" encoding="UTF-8"?>
<!-- Generated by org.testng.reporters.JUnitXMLReporter -->
<testsuite ignored="0" hostname="GK2206L17" failures="0" tests="4" name="PetTests" time="10.213" errors="0" timestamp="2023-06-04T23:00:48 ICT">
  <testcase classname="api.test.UserTests2" name="testPostUser" time="3.203"/>
  <testcase classname="api.test.UserTests2" name="testGetUserByName" time="1.554"/>
  <testcase classname="api.test.UserTests2" name="testUpdateUserByName" time="3.069"/>
  <testcase classname="api.test.UserTests2" name="testDeleteUserByName" time="1.636"/>
</testsuite> <!-- PetTests -->
